2026-04-16 15:26:10,204 INFO client_log level='info' event='process_command_request' message='Sending process command request' details="{'text': 'open notepad'}"
2026-04-16 15:26:10,550 INFO process_command user_input='open notepad' intent='open_app' response='Opening notepad.' parameters="{'app': 'notepad'}"
2026-04-16 15:26:10,795 INFO client_log level='info' event='process_command_response' message='Opening notepad.' details="{'text': 'open notepad', 'result': {'action': 'Open notepad', 'confidence': 85, 'intent': 'open_app', 'parameters': {'app': 'notepad'}, 'requires_confirmation': False, 'response': 'Opening notepad.'}}"
2026-04-16 15:26:10,890 INFO client_log level='info' event='execute_command_request' message='Sending execute command request' details="{'intent': 'open_app', 'parameters': {'app': 'notepad'}, 'confirmed': False}"
2026-04-16 15:26:11,137 INFO launch_windows_target_begin target='notepad' normalized='notepad'
2026-04-16 15:26:13,152 INFO powershell_start_process file_path='C:\\Windows\\System32\\notepad.exe' arguments='[]' returncode='0' stdout='' stderr=''
2026-04-16 15:26:13,153 INFO launch_windows_target_success target='notepad' mode='powershell-start'
2026-04-16 15:26:13,153 INFO execute_command intent='open_app' parameters="{'app': 'notepad'}" confirmed='False' success='True' message='Opened notepad'
2026-04-16 15:26:13,173 INFO client_log level='info' event='execute_command_response' message='Opened notepad' details="{'intent': 'open_app', 'parameters': {'app': 'notepad'}, 'confirmed': False, 'result': {'message': 'Opened notepad', 'success': True}}"
2026-04-16 15:26:23,174 INFO client_log level='info' event='process_command_request' message='Sending process command request' details="{'text': 'open chrome'}"
2026-04-16 15:26:23,420 INFO process_command user_input='open chrome' intent='open_app' response='Opening chrome.' parameters="{'app': 'chrome'}"
2026-04-16 15:26:23,498 INFO client_log level='info' event='process_command_response' message='Opening chrome.' details="{'text': 'open chrome', 'result': {'action': 'Open chrome', 'confidence': 85, 'intent': 'open_app', 'parameters': {'app': 'chrome'}, 'requires_confirmation': False, 'response': 'Opening chrome.'}}"
2026-04-16 15:26:23,750 INFO client_log level='info' event='execute_command_request' message='Sending execute command request' details="{'intent': 'open_app', 'parameters': {'app': 'chrome'}, 'confirmed': False}"
2026-04-16 15:26:23,829 INFO launch_windows_target_begin target='chrome' normalized='chrome'
2026-04-16 15:26:24,638 INFO launch_windows_target_success target='chrome' mode='startfile-process-running'
2026-04-16 15:26:24,639 INFO execute_command intent='open_app' parameters="{'app': 'chrome'}" confirmed='False' success='True' message='Opened chrome'
2026-04-16 15:26:24,660 INFO client_log level='info' event='execute_command_response' message='Opened chrome' details="{'intent': 'open_app', 'parameters': {'app': 'chrome'}, 'confirmed': False, 'result': {'message': 'Opened chrome', 'success': True}}"
2026-04-16 15:26:33,226 INFO client_log level='info' event='process_command_request' message='Sending process command request' details="{'text': 'increase brightness'}"
2026-04-16 15:26:33,476 INFO process_command user_input='increase brightness' intent='brightness_control' response='Increasing brightness.' parameters="{'action': 'up'}"
2026-04-16 15:26:33,557 INFO client_log level='info' event='process_command_response' message='Increasing brightness.' details="{'text': 'increase brightness', 'result': {'action': 'Increase brightness', 'confidence': 85, 'intent': 'brightness_control', 'parameters': {'action': 'up'}, 'requires_confirmation': False, 'response': 'Increasing brightness.'}}"
2026-04-16 15:26:33,807 INFO client_log level='info' event='execute_command_request' message='Sending execute command request' details="{'intent': 'brightness_control', 'parameters': {'action': 'up'}, 'confirmed': False}"
2026-04-16 15:26:34,388 INFO execute_command intent='brightness_control' parameters="{'action': 'up'}" confirmed='False' success='True' message='Brightness increased'
2026-04-16 15:26:34,404 INFO client_log level='info' event='execute_command_response' message='Brightness increased' details="{'intent': 'brightness_control', 'parameters': {'action': 'up'}, 'confirmed': False, 'result': {'message': 'Brightness increased', 'success': True}}"
2026-04-16 15:26:37,163 INFO client_log level='info' event='process_command_request' message='Sending process command request' details="{'text': 'decrease brightness'}"
2026-04-16 15:26:37,484 INFO process_command user_input='decrease brightness' intent='brightness_control' response='Decreasing brightness.' parameters="{'action': 'down'}"
2026-04-16 15:26:37,749 INFO client_log level='info' event='process_command_response' message='Decreasing brightness.' details="{'text': 'decrease brightness', 'result': {'action': 'Decrease brightness', 'confidence': 85, 'intent': 'brightness_control', 'parameters': {'action': 'down'}, 'requires_confirmation': False, 'response': 'Decreasing brightness.'}}"
2026-04-16 15:26:37,827 INFO client_log level='info' event='execute_command_request' message='Sending execute command request' details="{'intent': 'brightness_control', 'parameters': {'action': 'down'}, 'confirmed': False}"
2026-04-16 15:26:38,498 INFO execute_command intent='brightness_control' parameters="{'action': 'down'}" confirmed='False' success='True' message='Brightness decreased'
2026-04-16 15:26:38,520 INFO client_log level='info' event='execute_command_response' message='Brightness decreased' details="{'intent': 'brightness_control', 'parameters': {'action': 'down'}, 'confirmed': False, 'result': {'message': 'Brightness decreased', 'success': True}}"
2026-04-16 15:26:40,194 INFO client_log level='info' event='process_command_request' message='Sending process command request' details="{'text': 'decrease volume'}"
2026-04-16 15:26:40,455 INFO process_command user_input='decrease volume' intent='volume_control' response='Decreasing the volume.' parameters="{'action': 'down'}"
2026-04-16 15:26:40,519 INFO client_log level='info' event='process_command_response' message='Decreasing the volume.' details="{'text': 'decrease volume', 'result': {'action': 'Decrease volume', 'confidence': 85, 'intent': 'volume_control', 'parameters': {'action': 'down'}, 'requires_confirmation': False, 'response': 'Decreasing the volume.'}}"
2026-04-16 15:26:40,783 INFO client_log level='info' event='execute_command_request' message='Sending execute command request' details="{'intent': 'volume_control', 'parameters': {'action': 'down'}, 'confirmed': False}"
2026-04-16 15:26:41,319 INFO execute_command intent='volume_control' parameters="{'action': 'down'}" confirmed='False' success='True' message='Volume decreased'
2026-04-16 15:26:41,333 INFO client_log level='info' event='execute_command_response' message='Volume decreased' details="{'intent': 'volume_control', 'parameters': {'action': 'down'}, 'confirmed': False, 'result': {'message': 'Volume decreased', 'success': True}}"
2026-04-16 15:26:43,135 INFO client_log level='info' event='process_command_request' message='Sending process command request' details="{'text': 'increase volume'}"
2026-04-16 15:26:43,400 INFO process_command user_input='increase volume' intent='volume_control' response='Increasing the volume.' parameters="{'action': 'up'}"
2026-04-16 15:26:43,466 INFO client_log level='info' event='process_command_response' message='Increasing the volume.' details="{'text': 'increase volume', 'result': {'action': 'Increase volume', 'confidence': 85, 'intent': 'volume_control', 'parameters': {'action': 'up'}, 'requires_confirmation': False, 'response': 'Increasing the volume.'}}"
2026-04-16 15:26:43,732 INFO client_log level='info' event='execute_command_request' message='Sending execute command request' details="{'intent': 'volume_control', 'parameters': {'action': 'up'}, 'confirmed': False}"
2026-04-16 15:26:43,798 INFO execute_command intent='volume_control' parameters="{'action': 'up'}" confirmed='False' success='True' message='Volume increased'
2026-04-16 15:26:44,058 INFO client_log level='info' event='execute_command_response' message='Volume increased' details="{'intent': 'volume_control', 'parameters': {'action': 'up'}, 'confirmed': False, 'result': {'message': 'Volume increased', 'success': True}}"
2026-04-16 15:44:12,215 INFO client_log level='info' event='process_command_request' message='Sending process command request' details="{'text': 'open notepad'}"
2026-04-16 15:44:12,479 INFO process_command user_input='open notepad' intent='open_app' response='Opening notepad.' parameters="{'app': 'notepad'}"
2026-04-16 15:44:12,540 INFO client_log level='info' event='process_command_response' message='Opening notepad.' details="{'text': 'open notepad', 'result': {'action': 'Open notepad', 'confidence': 85, 'intent': 'open_app', 'parameters': {'app': 'notepad'}, 'requires_confirmation': False, 'response': 'Opening notepad.'}}"
2026-04-16 15:44:12,803 INFO client_log level='info' event='execute_command_request' message='Sending execute command request' details="{'intent': 'open_app', 'parameters': {'app': 'notepad'}, 'confirmed': False}"
2026-04-16 15:44:12,864 INFO launch_windows_target_begin target='notepad' normalized='notepad'
2026-04-16 15:44:14,039 INFO powershell_start_process file_path='C:\\Windows\\System32\\notepad.exe' arguments='[]' returncode='0' stdout='' stderr=''
2026-04-16 15:44:14,039 INFO launch_windows_target_success target='notepad' mode='powershell-start'
2026-04-16 15:44:14,039 INFO execute_command intent='open_app' parameters="{'app': 'notepad'}" confirmed='False' success='True' message='Opened notepad'
2026-04-16 15:44:14,058 INFO client_log level='info' event='execute_command_response' message='Opened notepad' details="{'intent': 'open_app', 'parameters': {'app': 'notepad'}, 'confirmed': False, 'result': {'message': 'Opened notepad', 'success': True}}"
2026-04-16 15:44:17,388 INFO client_log level='info' event='process_command_request' message='Sending process command request' details="{'text': 'open gmail'}"
2026-04-16 15:44:17,655 INFO process_command user_input='open gmail' intent='open_app' response='Opening gmail.' parameters="{'app': 'gmail'}"
2026-04-16 15:44:17,702 INFO client_log level='info' event='process_command_response' message='Opening gmail.' details="{'text': 'open gmail', 'result': {'action': 'Open gmail', 'confidence': 85, 'intent': 'open_app', 'parameters': {'app': 'gmail'}, 'requires_confirmation': False, 'response': 'Opening gmail.'}}"
2026-04-16 15:44:17,993 INFO client_log level='info' event='execute_command_request' message='Sending execute command request' details="{'intent': 'open_app', 'parameters': {'app': 'gmail'}, 'confirmed': False}"
2026-04-16 15:44:18,975 INFO open_url_success url='https://mail.google.com' browser='msedge' mode='startfile-browser-process-running'
2026-04-16 15:44:18,975 INFO execute_command intent='open_app' parameters="{'app': 'gmail'}" confirmed='False' success='True' message='Opened gmail'
2026-04-16 15:44:18,993 INFO client_log level='info' event='execute_command_response' message='Opened gmail' details="{'intent': 'open_app', 'parameters': {'app': 'gmail'}, 'confirmed': False, 'result': {'message': 'Opened gmail', 'success': True}}"
2026-04-16 15:44:27,289 INFO client_log level='info' event='process_command_request' message='Sending process command request' details="{'text': 'tell me a joke'}"
2026-04-16 15:44:27,300 INFO process_command user_input='tell me a joke' intent='general_query' response="Why don't scientists trust atoms? Because they make up everything!" parameters='{}'
2026-04-16 15:44:27,622 INFO client_log level='info' event='process_command_response' message="Why don't scientists trust atoms? Because they make up everything!" details='{\'text\': \'tell me a joke\', \'result\': {\'action\': \'Respond to query\', \'confidence\': 78, \'intent\': \'general_query\', \'parameters\': {}, \'requires_confirmation\': False, \'response\': "Why don\'t scientists trust atoms? Because they make up everything!"}}'
2026-04-16 15:44:34,446 INFO client_log level='info' event='process_command_request' message='Sending process command request' details="{'text': 'refresh'}"
2026-04-16 15:44:34,765 INFO process_command user_input='refresh' intent='keyboard' response='Refreshing the current page.' parameters="{'action': 'refresh'}"
2026-04-16 15:44:35,033 INFO client_log level='info' event='process_command_response' message='Refreshing the current page.' details="{'text': 'refresh', 'result': {'action': 'Refresh', 'confidence': 85, 'intent': 'keyboard', 'parameters': {'action': 'refresh'}, 'requires_confirmation': False, 'response': 'Refreshing the current page.'}}"
2026-04-16 15:44:35,079 INFO client_log level='info' event='execute_command_request' message='Sending execute command request' details="{'intent': 'keyboard', 'parameters': {'action': 'refresh'}, 'confirmed': False}"
2026-04-16 15:44:35,447 INFO execute_command intent='keyboard' parameters="{'action': 'refresh'}" confirmed='False' success='True' message='Page refreshed'
2026-04-16 16:44:42,904 INFO client_log level='info' event='process_command_request' message='Sending process command request' details="{'text': 'open notepad'}"
2026-04-16 16:44:42,927 INFO process_command user_input='open notepad' intent='open_app' response='Opening notepad.' parameters="{'app': 'notepad'}"
2026-04-16 16:44:42,939 INFO client_log level='info' event='process_command_response' message='Opening notepad.' details="{'text': 'open notepad', 'result': {'action': 'Open notepad', 'confidence': 85, 'intent': 'open_app', 'parameters': {'app': 'notepad'}, 'requires_confirmation': False, 'response': 'Opening notepad.'}}"
2026-04-16 16:44:42,953 INFO client_log level='info' event='execute_command_request' message='Sending execute command request' details="{'intent': 'open_app', 'parameters': {'app': 'notepad'}, 'confirmed': False}"
2026-04-16 16:44:43,004 INFO launch_windows_target_begin target='notepad' normalized='notepad'
2026-04-16 16:44:46,128 INFO powershell_start_process file_path='C:\\Windows\\System32\\notepad.exe' arguments='[]' returncode='0' stdout='' stderr=''
2026-04-16 16:44:46,129 INFO launch_windows_target_success target='notepad' mode='powershell-start'
2026-04-16 16:44:46,130 INFO execute_command intent='open_app' parameters="{'app': 'notepad'}" confirmed='False' success='True' message='Opened notepad'
2026-04-16 16:44:46,144 INFO client_log level='info' event='execute_command_response' message='Opened notepad' details="{'intent': 'open_app', 'parameters': {'app': 'notepad'}, 'confirmed': False, 'result': {'message': 'Opened notepad', 'success': True}}"
2026-04-16 16:45:00,176 INFO client_log level='info' event='process_command_request' message='Sending process command request' details="{'text': 'what is ai'}"
2026-04-16 16:45:00,205 INFO process_command user_input='what is ai' intent='general_query' response='I am running in local mode. I can handle laptop commands, basic conversation, jokes, date, time, and simple math without any online API.' parameters='{}'
2026-04-16 16:45:00,220 INFO client_log level='info' event='process_command_response' message='I am running in local mode. I can handle laptop commands, basic conversation, jokes, date, time, and simple math without any online API.' details="{'text': 'what is ai', 'result': {'action': 'Respond to query', 'confidence': 78, 'intent': 'general_query', 'parameters': {}, 'requires_confirmation': False, 'response': 'I am running in local mode. I can handle laptop commands, basic conversation, jokes, date, time, and simple math without any online API.'}}"
2026-04-16 16:48:05,027 INFO client_log level='info' event='process_command_request' message='Sending process command request' details="{'text': 'laptop price'}"
2026-04-16 16:48:05,057 INFO process_command user_input='laptop price' intent='general_query' response='I am running in local mode. I can handle laptop commands, basic conversation, jokes, date, time, and simple math without any online API.' parameters='{}'
2026-04-16 16:48:05,080 INFO client_log level='info' event='process_command_response' message='I am running in local mode. I can handle laptop commands, basic conversation, jokes, date, time, and simple math without any online API.' details="{'text': 'laptop price', 'result': {'action': 'Respond to query', 'confidence': 78, 'intent': 'general_query', 'parameters': {}, 'requires_confirmation': False, 'response': 'I am running in local mode. I can handle laptop commands, basic conversation, jokes, date, time, and simple math without any online API.'}}"
2026-04-16 16:51:33,205 INFO process_command user_input='test voice search' intent='voice_search' response='Testing the backend voice search connection.' parameters="{'query': 'test query'}"
2026-04-16 16:51:33,209 INFO process_command user_input='voice search for laptop price' intent='search_web' response='Searching for laptop price.' parameters="{'query': 'laptop price'}"
2026-04-16 16:51:33,213 INFO process_command user_input='laptop price' intent='general_query' response='I am running in local mode. I can handle laptop commands, basic conversation, jokes, date, time, and simple math without any online API.' parameters='{}'
2026-04-16 16:51:56,764 INFO process_command user_input='test voice search' intent='voice_search' response='Testing the backend voice search connection.' parameters="{'query': 'test query'}"
2026-04-16 16:51:56,766 INFO process_command user_input='voice search for laptop price' intent='voice_search' response='Testing voice search for laptop price.' parameters="{'query': 'laptop price'}"
2026-04-16 16:51:56,767 INFO process_command user_input='search for laptop price' intent='search_web' response='Searching for laptop price.' parameters="{'query': 'laptop price'}"
2026-04-16 16:53:13,326 INFO client_log level='info' event='process_command_request' message='Sending process command request' details="{'text': 'voice search for laptop price'}"
2026-04-16 16:53:13,364 INFO process_command user_input='voice search for laptop price' intent='voice_search' response='Testing voice search for laptop price.' parameters="{'query': 'laptop price'}"
2026-04-16 16:53:13,376 INFO client_log level='info' event='process_command_response' message='Testing voice search for laptop price.' details="{'text': 'voice search for laptop price', 'result': {'action': 'Voice search for laptop price', 'confidence': 92, 'intent': 'voice_search', 'parameters': {'query': 'laptop price'}, 'requires_confirmation': False, 'response': 'Testing voice search for laptop price.'}}"
2026-04-16 16:53:13,390 INFO client_log level='info' event='execute_command_request' message='Sending execute command request' details="{'intent': 'voice_search', 'parameters': {'query': 'laptop price'}, 'confirmed': False}"
2026-04-16 16:53:13,442 INFO execute_command intent='voice_search' parameters="{'query': 'laptop price'}" confirmed='False' success='False' message='Voice search test failed: VOICE_SEARCH_API_URL is not configured. Add VOICE_SEARCH_API_URL to backend/.env or backend/.env.local to test the voice search provider.'
2026-04-16 16:53:13,457 INFO client_log level='error' event='execute_command_response' message='Voice search test failed: VOICE_SEARCH_API_URL is not configured. Add VOICE_SEARCH_API_URL to backend/.env or backend/.env.local to test the voice search provider.' details="{'intent': 'voice_search', 'parameters': {'query': 'laptop price'}, 'confirmed': False, 'result': {'data': {'error': 'VOICE_SEARCH_API_URL is not configured', 'hint': 'Add VOICE_SEARCH_API_URL to backend/.env or backend/.env.local to test the voice search provider.'}, 'message': 'Voice search test failed: VOICE_SEARCH_API_URL is not configured. Add VOICE_SEARCH_API_URL to backend/.env or backend/.env.local to test the voice search provider.', 'success': False}}"
2026-04-16 16:55:22,893 INFO client_log level='info' event='process_command_request' message='Sending process command request' details="{'text': 'voice search for laptop price'}"
2026-04-16 16:55:22,915 INFO process_command user_input='voice search for laptop price' intent='voice_search' response='Testing voice search for laptop price.' parameters="{'query': 'laptop price'}"
2026-04-16 16:55:22,926 INFO client_log level='info' event='process_command_response' message='Testing voice search for laptop price.' details="{'text': 'voice search for laptop price', 'result': {'action': 'Voice search for laptop price', 'confidence': 92, 'intent': 'voice_search', 'parameters': {'query': 'laptop price'}, 'requires_confirmation': False, 'response': 'Testing voice search for laptop price.'}}"
2026-04-16 16:55:22,937 INFO client_log level='info' event='execute_command_request' message='Sending execute command request' details="{'intent': 'voice_search', 'parameters': {'query': 'laptop price'}, 'confirmed': False}"
2026-04-16 16:55:22,958 INFO execute_command intent='voice_search' parameters="{'query': 'laptop price'}" confirmed='False' success='False' message='Voice search test failed: VOICE_SEARCH_API_URL is not configured. Add VOICE_SEARCH_API_URL to backend/.env or backend/.env.local to test the voice search provider.'
2026-04-16 16:55:22,971 INFO client_log level='error' event='execute_command_response' message='Voice search test failed: VOICE_SEARCH_API_URL is not configured. Add VOICE_SEARCH_API_URL to backend/.env or backend/.env.local to test the voice search provider.' details="{'intent': 'voice_search', 'parameters': {'query': 'laptop price'}, 'confirmed': False, 'result': {'data': {'error': 'VOICE_SEARCH_API_URL is not configured', 'hint': 'Add VOICE_SEARCH_API_URL to backend/.env or backend/.env.local to test the voice search provider.'}, 'message': 'Voice search test failed: VOICE_SEARCH_API_URL is not configured. Add VOICE_SEARCH_API_URL to backend/.env or backend/.env.local to test the voice search provider.', 'success': False}}"
